<?xml version="1.0" encoding="UTF-8"?>
<!-- Generated by org.testng.reporters.JUnitReportReporter -->
<testsuite hostname="DESKTOP-J05U73U" failures="0" tests="2" name="qatesting.RESTAPITest" time="0.000" errors="0" timestamp="11 Apr 2019 23:48:54 GMT" skipped="0">
  <testcase classname="qatesting.RESTAPITest" name="deletTwitter" time="0.000"/>
  <testcase classname="qatesting.RESTAPITest" name="postJira" time="0.000"/>
</testsuite> <!-- qatesting.RESTAPITest -->
