<?xml version="1.0" encoding="UTF-8"?>
<!-- Generated by org.testng.reporters.JUnitReportReporter -->
<testsuite hostname="DESKTOP-J05U73U" failures="0" tests="2" name="qatesting.AppiumTest" time="0.008" errors="0" timestamp="11 Apr 2019 23:48:54 GMT" skipped="0">
  <testcase classname="qatesting.AppiumTest" name="NativeAppAndroid" time="0.000"/>
  <testcase classname="qatesting.AppiumTest" name="IOSApps" time="0.008"/>
</testsuite> <!-- qatesting.AppiumTest -->
