<?xml version="1.0" encoding="UTF-8"?>
<!-- Generated by org.testng.reporters.JUnitReportReporter -->
<testsuite hostname="DESKTOP-J05U73U" failures="0" tests="2" name="qatesting.SeleniumTest" time="0.002" errors="0" timestamp="11 Apr 2019 23:48:54 GMT" skipped="0">
  <testcase classname="qatesting.SeleniumTest" name="elementUI" time="0.001"/>
  <testcase classname="qatesting.SeleniumTest" name="BrowserAutomation" time="0.001"/>
</testsuite> <!-- qatesting.SeleniumTest -->
